CWed 00:48
Ttmux
WMHDMI-0:Owork:ooffscreen:orandom:LT
M:ATeebee:T"The Force
WMHDMI-0:owork:Ooffscreen:orandom:LT
Treplace suicide as a verb · Issue #3721 · nodejs/node
WMHDMI-0:owork:ooffscreen:Orandom:LT
TSteam
WMHDMI-0:Owork:ooffscreen:orandom:LT
Ttmux
WMHDMI-0:owork:Ooffscreen:orandom:LT
Treplace suicide as a verb · Issue #3721 · nodejs/node
CWed 00:48
WMHDMI-0:Owork:ooffscreen:orandom:LT
Ttmux
CWed 00:48
CWed 00:48
CWed 00:48
CWed 00:48
CWed 00:48
CWed 00:48
Tvim: parser
TUsing the Bash IFS variable to make for loops split with non whitespace characters | mindspill.net
CWed 00:48
Ttmux
Ttmux
CWed 00:48
Tvim: parser
TUsing the Bash IFS variable to make for loops split with non whitespace characters | mindspill.net
CWed 00:48
CWed 00:48
CWed 00:48
CWed 00:48
CWed 00:48
WMHDMI-0:owork:ooffscreen:Orandom:LT
TSteam
CWed 00:48
CWed 00:48
WMHDMI-0:owork:ooffscreen:Orandom:LT
TCounter-Strike: Global Offensive - Steam
WMHDMI-0:owork:ooffscreen:Orandom:LT
TSteam
CWed 00:48
WMHDMI-0:owork:ooffscreen:Orandom:LT
TCounter-Strike: Global Offensive - OpenGL
CWed 00:48
CWed 00:48
CWed 00:49
CWed 00:49
CWed 00:49
CWed 00:49
TCounter-Strike: Global Offensive - OpenGL
WMHDMI-0:owork:Ooffscreen:orandom:LT
Treplace suicide as a verb · Issue #3721 · nodejs/node
CWed 00:49
CWed 00:49
T
T
TCSGO Lounge - Marketplace, Trades, Bets
TCSGO Lounge - Marketplace, Trades, Bets
CWed 00:49
TCSGO Lounge - My Profile
TCSGO Lounge - My Profile
CWed 00:49
TCSGO Lounge - My Bets
TCSGO Lounge - My Bets
TCSGO Lounge - Marketplace, Trades, Bets
TCSGO Lounge - Marketplace, Trades, Bets
CWed 00:49
TCSGO Lounge - My Trades
TCSGO Lounge - My Trades
CWed 00:49
TCSGO Lounge - My Offers
TCSGO Lounge - My Offers
TCSGO Lounge - My Bets
TCSGO Lounge - My Bets
CWed 00:49
TCSGO Lounge - Marketplace, Trades, Bets
TCSGO Lounge - Marketplace, Trades, Bets
TCSGO Lounge - My Profile
TCSGO Lounge - My Profile
CWed 00:49
CWed 00:49
CWed 00:49
CWed 00:49
CWed 00:49
CWed 00:49
CWed 00:49
CWed 00:49
TCSGO Lounge - Marketplace, Trades, Bets
TCSGO Lounge - Marketplace, Trades, Bets
TCSGO Lounge - Marketplace, Trades, Bets
TCSGO Lounge - Marketplace, Trades, Bets
WMHDMI-0:owork:ooffscreen:Orandom:LT
TCounter-Strike: Global Offensive - OpenGL
WMHDMI-0:Owork:ooffscreen:orandom:LT
TUsing the Bash IFS variable to make for loops split with non whitespace characters | mindspill.net
WMHDMI-0:owork:Ooffscreen:orandom:LT
TCSGO Lounge - Marketplace, Trades, Bets
WMHDMI-0:owork:ooffscreen:Orandom:LT
TCounter-Strike: Global Offensive - OpenGL
CWed 00:49
CWed 00:50
CWed 00:50
CWed 00:50
CWed 00:50
WMHDMI-0:owork:Ooffscreen:orandom:LT
TCSGO Lounge - Marketplace, Trades, Bets
CWed 00:50
WMHDMI-0:Owork:ooffscreen:orandom:LT
TUsing the Bash IFS variable to make for loops split with non whitespace characters | mindspill.net
Ttmux
CWed 00:50
CWed 00:50
WMHDMI-0:owork:ooffscreen:Orandom:LT
TCounter-Strike: Global Offensive - OpenGL
CWed 00:50
CWed 00:50
CWed 00:50
CWed 00:50
CWed 00:50
CWed 00:50
CWed 00:50
CWed 00:50
CWed 00:50
CWed 00:50
CWed 00:50
CWed 00:50
CWed 00:50
CWed 00:51
CWed 00:51
CWed 00:51
CWed 00:51
CWed 00:51
CWed 00:51
CWed 00:51
CWed 00:51
CWed 00:51
CWed 00:51
CWed 00:51
CWed 00:51
CWed 00:51
CWed 00:51
CWed 00:51
CWed 00:51
CWed 00:51
CWed 00:51
CWed 00:51
CWed 00:51
CWed 00:52
CWed 00:52
CWed 00:52
CWed 00:52
CWed 00:52
CWed 00:52
CWed 00:52
CWed 00:52
CWed 00:52
CWed 00:52
CWed 00:52
CWed 00:52
CWed 00:52
CWed 00:52
CWed 00:52
CWed 00:52
CWed 00:52
CWed 00:52
CWed 00:52
CWed 00:52
CWed 00:53
CWed 00:53
CWed 00:53
CWed 00:53
CWed 00:53
CWed 00:53
CWed 00:53
CWed 00:53
CWed 00:53
CWed 00:53
CWed 00:53
CWed 00:53
CWed 00:53
CWed 00:53
CWed 00:53
CWed 00:53
CWed 00:53
CWed 00:53
CWed 00:53
CWed 00:53
CWed 00:54
CWed 00:54
CWed 00:54
CWed 00:54
CWed 00:54
CWed 00:54
CWed 00:54
CWed 00:54
CWed 00:54
CWed 00:54
CWed 00:54
CWed 00:54
CWed 00:54
CWed 00:54
CWed 00:54
CWed 00:54
CWed 00:54
CWed 00:54
CWed 00:54
CWed 00:54
CWed 00:55
CWed 00:55
CWed 00:55
CWed 00:55
CWed 00:55
CWed 00:55
CWed 00:55
CWed 00:55
CWed 00:55
CWed 00:55
CWed 00:55
CWed 00:55
CWed 00:55
CWed 00:55
CWed 00:55
CWed 00:55
CWed 00:55
CWed 00:55
CWed 00:55
CWed 00:55
CWed 00:56
CWed 00:56
CWed 00:56
CWed 00:56
CWed 00:56
CWed 00:56
CWed 00:56
CWed 00:56
CWed 00:56
CWed 00:56
CWed 00:56
CWed 00:56
CWed 00:56
CWed 00:56
CWed 00:56
CWed 00:56
CWed 00:56
CWed 00:56
CWed 00:56
CWed 00:56
CWed 00:57
CWed 00:57
CWed 00:57
CWed 00:57
CWed 00:57
CWed 00:57
CWed 00:57
CWed 00:57
CWed 00:57
CWed 00:57
CWed 00:57
CWed 00:57
CWed 00:57
CWed 00:57
CWed 00:57
CWed 00:57
CWed 00:57
CWed 00:57
CWed 00:57
CWed 00:57
CWed 00:58
CWed 00:58
CWed 00:58
CWed 00:58
CWed 00:58
CWed 00:58
CWed 00:58
CWed 00:58
CWed 00:58
CWed 00:58
CWed 00:58
CWed 00:58
CWed 00:58
CWed 00:58
CWed 00:58
CWed 00:58
CWed 00:58
CWed 00:58
CWed 00:58
CWed 00:58
CWed 00:59
CWed 00:59
CWed 00:59
CWed 00:59
CWed 00:59
CWed 00:59
CWed 00:59
CWed 00:59
CWed 00:59
CWed 00:59
CWed 00:59
CWed 00:59
CWed 00:59
CWed 00:59
CWed 00:59
CWed 00:59
CWed 00:59
CWed 00:59
CWed 00:59
CWed 00:59
CWed 01:00
CWed 01:00
CWed 01:00
CWed 01:00
CWed 01:00
CWed 01:00
CWed 01:00
CWed 01:00
CWed 01:00
CWed 01:00
CWed 01:00
CWed 01:00
CWed 01:00
WMHDMI-0:owork:ooffscreen:Orandom:LT
TSteam
CWed 01:00
CWed 01:00
WMHDMI-0:Owork:ooffscreen:orandom:LT
Ttmux
CWed 01:00
CWed 01:00
CWed 01:00
CWed 01:00
CWed 01:00
CWed 01:01
CWed 01:01
Ttmux
